Loading gcc/13.2.0-gcc-8.5.0-5hqhkwo
  Loading requirement: gcc-runtime/8.5.0-gcc-8.5.0-7fyorqa
    gmp/6.2.1-gcc-8.5.0-lrpcvy5 mpfr/4.2.1-gcc-8.5.0-ybeybcx
    mpc/1.3.1-gcc-8.5.0-cv2gjfw zlib-ng/2.1.6-gcc-8.5.0-ztbc5xt
    zstd/1.5.5-gcc-8.5.0-azepnn7
rm -rf pi.exe
g++ -O3 -fopenmp pi.cpp -o pi.exe
OMP_NUM_THREADS = 1
pi=3.141593e+00, N=10000000000, time_srl=5.393851e+01 secs
pi=3.141593e+00, N=10000000000, time_plr=5.393809e+01 secs
OMP_NUM_THREADS = 2
pi=3.141593e+00, N=10000000000, time_srl=5.393830e+01 secs
pi=3.141593e+00, N=10000000000, time_plr=2.702210e+01 secs
OMP_NUM_THREADS = 4
pi=3.141593e+00, N=10000000000, time_srl=5.393818e+01 secs
pi=3.141593e+00, N=10000000000, time_plr=1.350651e+01 secs
OMP_NUM_THREADS = 8
pi=3.141593e+00, N=10000000000, time_srl=5.392914e+01 secs
pi=3.141593e+00, N=10000000000, time_plr=6.753525e+00 secs
OMP_NUM_THREADS = 16
pi=3.141593e+00, N=10000000000, time_srl=5.392949e+01 secs
pi=3.141593e+00, N=10000000000, time_plr=3.377943e+00 secs
OMP_NUM_THREADS = 20
pi=3.141593e+00, N=10000000000, time_srl=5.392956e+01 secs
pi=3.141593e+00, N=10000000000, time_plr=2.736579e+00 secs
