Loading gcc/13.2.0-gcc-8.5.0-5hqhkwo
  Loading requirement: gcc-runtime/8.5.0-gcc-8.5.0-7fyorqa
    gmp/6.2.1-gcc-8.5.0-lrpcvy5 mpfr/4.2.1-gcc-8.5.0-ybeybcx
    mpc/1.3.1-gcc-8.5.0-cv2gjfw zlib-ng/2.1.6-gcc-8.5.0-ztbc5xt
    zstd/1.5.5-gcc-8.5.0-azepnn7
rm -rf dotProduct.exe
g++ -O3 -fopenmp dotProduct.cpp walltime.h -o dotProduct.exe
OMP_NUM_THREADS = 1, Array size 10^5
3.33328e+13
Serial execution time = 0.0131058 sec
Serial dot product = 3.33328e+13
Parallel dot product reduction = 3.33328e+13
Parallel dot product critical = 3.33328e+13
Time reduction method = 0.011815 sec
Time critical method = 0.0118 sec
OMP_NUM_THREADS = 1, Array size 10^6
3.33333e+16
Serial execution time = 0.117588 sec
Serial dot product = 3.33333e+16
Parallel dot product reduction = 3.33333e+16
Parallel dot product critical = 3.33333e+16
Time reduction method = 0.117296 sec
Time critical method = 0.117282 sec
OMP_NUM_THREADS = 1, Array size 10^7
3.33333e+19
Serial execution time = 1.35837 sec
Serial dot product = 3.33333e+19
Parallel dot product reduction = 3.33333e+19
Parallel dot product critical = 3.33333e+19
Time reduction method = 1.35888 sec
Time critical method = 1.35914 sec
OMP_NUM_THREADS = 1, Array size 10^8
3.33333e+22
Serial execution time = 13.3813 sec
Serial dot product = 3.33333e+22
Parallel dot product reduction = 3.33333e+22
Parallel dot product critical = 3.33333e+22
Time reduction method = 13.5406 sec
Time critical method = 13.5403 sec
OMP_NUM_THREADS = 1, Array size 10^9
3.33333e+25
Serial execution time = 133.969 sec
Serial dot product = 3.33333e+25
Parallel dot product reduction = 3.33333e+25
Parallel dot product critical = 3.33333e+25
Time reduction method = 134.013 sec
Time critical method = 134.011 sec
OMP_NUM_THREADS = 2, Array size 10^5
Parallel dot product reduction = 3.33328e+13
Parallel dot product critical = 3.33328e+13
Time reduction method = 0.00604887 sec
Time critical method = 0.0059998 sec
OMP_NUM_THREADS = 2, Array size 10^6
Parallel dot product reduction = 3.33333e+16
Parallel dot product critical = 3.33333e+16
Time reduction method = 0.0589153 sec
Time critical method = 0.0586825 sec
OMP_NUM_THREADS = 2, Array size 10^7
Parallel dot product reduction = 3.33333e+19
Parallel dot product critical = 3.33333e+19
Time reduction method = 0.692072 sec
Time critical method = 0.691719 sec
OMP_NUM_THREADS = 2, Array size 10^8
Parallel dot product reduction = 3.33333e+22
Parallel dot product critical = 3.33333e+22
Time reduction method = 6.94655 sec
Time critical method = 6.94626 sec
OMP_NUM_THREADS = 2, Array size 10^9
Parallel dot product reduction = 3.33333e+25
Parallel dot product critical = 3.33333e+25
Time reduction method = 69.1913 sec
Time critical method = 69.1851 sec
OMP_NUM_THREADS = 4, Array size 10^5
Parallel dot product reduction = 3.33328e+13
Parallel dot product critical = 3.33328e+13
Time reduction method = 0.00343618 sec
Time critical method = 0.00337429 sec
OMP_NUM_THREADS = 4, Array size 10^6
Parallel dot product reduction = 3.33333e+16
Parallel dot product critical = 3.33333e+16
Time reduction method = 0.0299476 sec
Time critical method = 0.0296355 sec
OMP_NUM_THREADS = 4, Array size 10^7
Parallel dot product reduction = 3.33333e+19
Parallel dot product critical = 3.33333e+19
Time reduction method = 0.639964 sec
Time critical method = 0.639879 sec
OMP_NUM_THREADS = 4, Array size 10^8
Parallel dot product reduction = 3.33333e+22
Parallel dot product critical = 3.33333e+22
Time reduction method = 6.32422 sec
Time critical method = 6.3263 sec
OMP_NUM_THREADS = 4, Array size 10^9
Parallel dot product reduction = 3.33333e+25
Parallel dot product critical = 3.33333e+25
Time reduction method = 65.1613 sec
Time critical method = 65.1536 sec
OMP_NUM_THREADS = 8, Array size 10^5
Parallel dot product reduction = 3.33328e+13
Parallel dot product critical = 3.33328e+13
Time reduction method = 0.00242021 sec
Time critical method = 0.00225544 sec
OMP_NUM_THREADS = 8, Array size 10^6
Parallel dot product reduction = 3.33333e+16
Parallel dot product critical = 3.33333e+16
Time reduction method = 0.0158239 sec
Time critical method = 0.015435 sec
OMP_NUM_THREADS = 8, Array size 10^7
Parallel dot product reduction = 3.33333e+19
Parallel dot product critical = 3.33333e+19
Time reduction method = 0.569017 sec
Time critical method = 0.568134 sec
OMP_NUM_THREADS = 8, Array size 10^8
Parallel dot product reduction = 3.33333e+22
Parallel dot product critical = 3.33333e+22
Time reduction method = 5.60113 sec
Time critical method = 5.60003 sec
OMP_NUM_THREADS = 8, Array size 10^9
Parallel dot product reduction = 3.33333e+25
Parallel dot product critical = 3.33333e+25
Time reduction method = 57.4341 sec
Time critical method = 57.4322 sec
OMP_NUM_THREADS = 16, Array size 10^5
Parallel dot product reduction = 3.33328e+13
Parallel dot product critical = 3.33328e+13
Time reduction method = 0.00273024 sec
Time critical method = 0.00247168 sec
OMP_NUM_THREADS = 16, Array size 10^6
Parallel dot product reduction = 3.33333e+16
Parallel dot product critical = 3.33333e+16
Time reduction method = 0.00968287 sec
Time critical method = 0.00913861 sec
OMP_NUM_THREADS = 16, Array size 10^7
Parallel dot product reduction = 3.33333e+19
Parallel dot product critical = 3.33333e+19
Time reduction method = 0.464757 sec
Time critical method = 0.522266 sec
OMP_NUM_THREADS = 16, Array size 10^8
Parallel dot product reduction = 3.33333e+22
Parallel dot product critical = 3.33333e+22
Time reduction method = 4.5102 sec
Time critical method = 4.43014 sec
OMP_NUM_THREADS = 16, Array size 10^9
Parallel dot product reduction = 3.33333e+25
Parallel dot product critical = 3.33333e+25
Time reduction method = 45.7808 sec
Time critical method = 45.5638 sec
OMP_NUM_THREADS = 20, Array size 10^5
Parallel dot product reduction = 3.33328e+13
Parallel dot product critical = 3.33328e+13
Time reduction method = 0.00322293 sec
Time critical method = 0.00293814 sec
OMP_NUM_THREADS = 20, Array size 10^6
Parallel dot product reduction = 3.33333e+16
Parallel dot product critical = 3.33333e+16
Time reduction method = 0.116127 sec
Time critical method = 0.00825704 sec
OMP_NUM_THREADS = 20, Array size 10^7
Parallel dot product reduction = 3.33333e+19
Parallel dot product critical = 3.33333e+19
Time reduction method = 0.555914 sec
Time critical method = 0.576134 sec
OMP_NUM_THREADS = 20, Array size 10^8
Parallel dot product reduction = 3.33333e+22
Parallel dot product critical = 3.33333e+22
Time reduction method = 5.21871 sec
Time critical method = 5.22897 sec
OMP_NUM_THREADS = 20, Array size 10^9
Parallel dot product reduction = 3.33333e+25
Parallel dot product critical = 3.33333e+25
Time reduction method = 49.3953 sec
Time critical method = 49.5915 sec
