================================================================================
                      Welcome to mini-stencil!
version   :: C++ MPI
Processes :: 1
mesh      :: 64 * 64 dx = 0.015873
time      :: 100 time steps from 0 .. 0.005
iteration :: CG 300, Newton 50, tolerance 1e-06
================================================================================
--------------------------------------------------------------------------------
simulation took 0.0389718 seconds
1007 conjugate gradient iterations, at rate of 25839.2 iters/second
301 newton iterations
--------------------------------------------------------------------------------
### 1, 64, 100, 1007, 301, 0.0389718 ###
Goodbye!
================================================================================
                      Welcome to mini-stencil!
version   :: C++ MPI
Processes :: 2
mesh      :: 90 * 90 dx = 0.011236
time      :: 100 time steps from 0 .. 0.005
iteration :: CG 300, Newton 50, tolerance 1e-06
================================================================================
--------------------------------------------------------------------------------
simulation took 0.0449028 seconds
1182 conjugate gradient iterations, at rate of 26323.5 iters/second
300 newton iterations
--------------------------------------------------------------------------------
### 2, 90, 100, 1182, 300, 0.0449028 ###
Goodbye!
================================================================================
                      Welcome to mini-stencil!
version   :: C++ MPI
Processes :: 4
mesh      :: 128 * 128 dx = 0.00787402
time      :: 100 time steps from 0 .. 0.005
iteration :: CG 300, Newton 50, tolerance 1e-06
================================================================================
--------------------------------------------------------------------------------
simulation took 0.061982 seconds
1513 conjugate gradient iterations, at rate of 24410.3 iters/second
300 newton iterations
--------------------------------------------------------------------------------
### 4, 128, 100, 1513, 300, 0.061982 ###
Goodbye!
================================================================================
                      Welcome to mini-stencil!
version   :: C++ MPI
Processes :: 8
mesh      :: 181 * 181 dx = 0.00555556
time      :: 100 time steps from 0 .. 0.005
iteration :: CG 300, Newton 50, tolerance 1e-06
================================================================================
--------------------------------------------------------------------------------
simulation took 0.0807525 seconds
2040 conjugate gradient iterations, at rate of 25262.4 iters/second
300 newton iterations
--------------------------------------------------------------------------------
### 8, 181, 100, 2040, 300, 0.0807525 ###
Goodbye!
================================================================================
                      Welcome to mini-stencil!
version   :: C++ MPI
Processes :: 16
mesh      :: 256 * 256 dx = 0.00392157
time      :: 100 time steps from 0 .. 0.005
iteration :: CG 300, Newton 50, tolerance 1e-06
================================================================================
--------------------------------------------------------------------------------
simulation took 0.170095 seconds
2786 conjugate gradient iterations, at rate of 16379.1 iters/second
300 newton iterations
--------------------------------------------------------------------------------
### 16, 256, 100, 2786, 300, 0.170095 ###
Goodbye!
================================================================================
                      Welcome to mini-stencil!
version   :: C++ MPI
Processes :: 1
mesh      :: 128 * 128 dx = 0.00787402
time      :: 100 time steps from 0 .. 0.005
iteration :: CG 300, Newton 50, tolerance 1e-06
================================================================================
--------------------------------------------------------------------------------
simulation took 0.235108 seconds
1513 conjugate gradient iterations, at rate of 6435.35 iters/second
300 newton iterations
--------------------------------------------------------------------------------
### 1, 128, 100, 1513, 300, 0.235108 ###
Goodbye!
================================================================================
                      Welcome to mini-stencil!
version   :: C++ MPI
Processes :: 2
mesh      :: 181 * 181 dx = 0.00555556
time      :: 100 time steps from 0 .. 0.005
iteration :: CG 300, Newton 50, tolerance 1e-06
================================================================================
--------------------------------------------------------------------------------
simulation took 0.296802 seconds
2038 conjugate gradient iterations, at rate of 6866.52 iters/second
300 newton iterations
--------------------------------------------------------------------------------
### 2, 181, 100, 2038, 300, 0.296802 ###
Goodbye!
================================================================================
                      Welcome to mini-stencil!
version   :: C++ MPI
Processes :: 4
mesh      :: 256 * 256 dx = 0.00392157
time      :: 100 time steps from 0 .. 0.005
iteration :: CG 300, Newton 50, tolerance 1e-06
================================================================================
--------------------------------------------------------------------------------
simulation took 0.425296 seconds
2785 conjugate gradient iterations, at rate of 6548.38 iters/second
300 newton iterations
--------------------------------------------------------------------------------
### 4, 256, 100, 2785, 300, 0.425296 ###
Goodbye!
================================================================================
                      Welcome to mini-stencil!
version   :: C++ MPI
Processes :: 8
mesh      :: 362 * 362 dx = 0.00277008
time      :: 100 time steps from 0 .. 0.005
iteration :: CG 300, Newton 50, tolerance 1e-06
================================================================================
--------------------------------------------------------------------------------
simulation took 0.552838 seconds
3849 conjugate gradient iterations, at rate of 6962.26 iters/second
300 newton iterations
--------------------------------------------------------------------------------
### 8, 362, 100, 3849, 300, 0.552838 ###
Goodbye!
================================================================================
                      Welcome to mini-stencil!
version   :: C++ MPI
Processes :: 16
mesh      :: 512 * 512 dx = 0.00195695
time      :: 100 time steps from 0 .. 0.005
iteration :: CG 300, Newton 50, tolerance 1e-06
================================================================================
--------------------------------------------------------------------------------
simulation took 0.834324 seconds
5366 conjugate gradient iterations, at rate of 6431.55 iters/second
300 newton iterations
--------------------------------------------------------------------------------
### 16, 512, 100, 5366, 300, 0.834324 ###
Goodbye!
================================================================================
                      Welcome to mini-stencil!
version   :: C++ MPI
Processes :: 1
mesh      :: 256 * 256 dx = 0.00392157
time      :: 100 time steps from 0 .. 0.005
iteration :: CG 300, Newton 50, tolerance 1e-06
================================================================================
--------------------------------------------------------------------------------
simulation took 1.6649 seconds
2782 conjugate gradient iterations, at rate of 1670.97 iters/second
300 newton iterations
--------------------------------------------------------------------------------
### 1, 256, 100, 2782, 300, 1.6649 ###
Goodbye!
================================================================================
                      Welcome to mini-stencil!
version   :: C++ MPI
Processes :: 2
mesh      :: 362 * 362 dx = 0.00277008
time      :: 100 time steps from 0 .. 0.005
iteration :: CG 300, Newton 50, tolerance 1e-06
================================================================================
--------------------------------------------------------------------------------
simulation took 2.15013 seconds
3857 conjugate gradient iterations, at rate of 1793.84 iters/second
300 newton iterations
--------------------------------------------------------------------------------
### 2, 362, 100, 3857, 300, 2.15013 ###
Goodbye!
================================================================================
                      Welcome to mini-stencil!
version   :: C++ MPI
Processes :: 4
mesh      :: 512 * 512 dx = 0.00195695
time      :: 100 time steps from 0 .. 0.005
iteration :: CG 300, Newton 50, tolerance 1e-06
================================================================================
--------------------------------------------------------------------------------
simulation took 3.26727 seconds
5359 conjugate gradient iterations, at rate of 1640.21 iters/second
300 newton iterations
--------------------------------------------------------------------------------
### 4, 512, 100, 5359, 300, 3.26727 ###
Goodbye!
================================================================================
                      Welcome to mini-stencil!
version   :: C++ MPI
Processes :: 8
mesh      :: 724 * 724 dx = 0.00138313
time      :: 100 time steps from 0 .. 0.005
iteration :: CG 300, Newton 50, tolerance 1e-06
================================================================================
--------------------------------------------------------------------------------
simulation took 8.6495 seconds
7491 conjugate gradient iterations, at rate of 866.062 iters/second
301 newton iterations
--------------------------------------------------------------------------------
### 8, 724, 100, 7491, 301, 8.6495 ###
Goodbye!
================================================================================
                      Welcome to mini-stencil!
version   :: C++ MPI
Processes :: 16
mesh      :: 1024 * 1024 dx = 0.000977517
time      :: 100 time steps from 0 .. 0.005
iteration :: CG 300, Newton 50, tolerance 1e-06
================================================================================
--------------------------------------------------------------------------------
simulation took 17.6449 seconds
10505 conjugate gradient iterations, at rate of 595.356 iters/second
303 newton iterations
--------------------------------------------------------------------------------
### 16, 1024, 100, 10505, 303, 17.6449 ###
Goodbye!
================================================================================
                      Welcome to mini-stencil!
version   :: C++ MPI
Processes :: 1
mesh      :: 64 * 64 dx = 0.015873
time      :: 100 time steps from 0 .. 0.005
iteration :: CG 300, Newton 50, tolerance 1e-06
================================================================================
--------------------------------------------------------------------------------
simulation took 0.0389292 seconds
1007 conjugate gradient iterations, at rate of 25867.5 iters/second
301 newton iterations
--------------------------------------------------------------------------------
### 1, 64, 100, 1007, 301, 0.0389292 ###
Goodbye!
================================================================================
                      Welcome to mini-stencil!
version   :: C++ MPI
Processes :: 2
mesh      :: 90 * 90 dx = 0.011236
time      :: 100 time steps from 0 .. 0.005
iteration :: CG 300, Newton 50, tolerance 1e-06
================================================================================
--------------------------------------------------------------------------------
simulation took 0.0448488 seconds
1182 conjugate gradient iterations, at rate of 26355.2 iters/second
300 newton iterations
--------------------------------------------------------------------------------
### 2, 90, 100, 1182, 300, 0.0448488 ###
Goodbye!
================================================================================
                      Welcome to mini-stencil!
version   :: C++ MPI
Processes :: 4
mesh      :: 128 * 128 dx = 0.00787402
time      :: 100 time steps from 0 .. 0.005
iteration :: CG 300, Newton 50, tolerance 1e-06
================================================================================
--------------------------------------------------------------------------------
simulation took 0.0659361 seconds
1513 conjugate gradient iterations, at rate of 22946.5 iters/second
300 newton iterations
--------------------------------------------------------------------------------
### 4, 128, 100, 1513, 300, 0.0659361 ###
Goodbye!
================================================================================
                      Welcome to mini-stencil!
version   :: C++ MPI
Processes :: 8
mesh      :: 181 * 181 dx = 0.00555556
time      :: 100 time steps from 0 .. 0.005
iteration :: CG 300, Newton 50, tolerance 1e-06
================================================================================
--------------------------------------------------------------------------------
simulation took 0.0796775 seconds
2040 conjugate gradient iterations, at rate of 25603.2 iters/second
300 newton iterations
--------------------------------------------------------------------------------
### 8, 181, 100, 2040, 300, 0.0796775 ###
Goodbye!
================================================================================
                      Welcome to mini-stencil!
version   :: C++ MPI
Processes :: 16
mesh      :: 256 * 256 dx = 0.00392157
time      :: 100 time steps from 0 .. 0.005
iteration :: CG 300, Newton 50, tolerance 1e-06
================================================================================
--------------------------------------------------------------------------------
simulation took 0.131374 seconds
2786 conjugate gradient iterations, at rate of 21206.6 iters/second
300 newton iterations
--------------------------------------------------------------------------------
### 16, 256, 100, 2786, 300, 0.131374 ###
Goodbye!
================================================================================
                      Welcome to mini-stencil!
version   :: C++ MPI
Processes :: 1
mesh      :: 128 * 128 dx = 0.00787402
time      :: 100 time steps from 0 .. 0.005
iteration :: CG 300, Newton 50, tolerance 1e-06
================================================================================
--------------------------------------------------------------------------------
simulation took 0.237872 seconds
1513 conjugate gradient iterations, at rate of 6360.57 iters/second
300 newton iterations
--------------------------------------------------------------------------------
### 1, 128, 100, 1513, 300, 0.237872 ###
Goodbye!
================================================================================
                      Welcome to mini-stencil!
version   :: C++ MPI
Processes :: 2
mesh      :: 181 * 181 dx = 0.00555556
time      :: 100 time steps from 0 .. 0.005
iteration :: CG 300, Newton 50, tolerance 1e-06
================================================================================
--------------------------------------------------------------------------------
simulation took 0.297144 seconds
2038 conjugate gradient iterations, at rate of 6858.63 iters/second
300 newton iterations
--------------------------------------------------------------------------------
### 2, 181, 100, 2038, 300, 0.297144 ###
Goodbye!
================================================================================
                      Welcome to mini-stencil!
version   :: C++ MPI
Processes :: 4
mesh      :: 256 * 256 dx = 0.00392157
time      :: 100 time steps from 0 .. 0.005
iteration :: CG 300, Newton 50, tolerance 1e-06
================================================================================
--------------------------------------------------------------------------------
simulation took 0.427101 seconds
2785 conjugate gradient iterations, at rate of 6520.71 iters/second
300 newton iterations
--------------------------------------------------------------------------------
### 4, 256, 100, 2785, 300, 0.427101 ###
Goodbye!
================================================================================
                      Welcome to mini-stencil!
version   :: C++ MPI
Processes :: 8
mesh      :: 362 * 362 dx = 0.00277008
time      :: 100 time steps from 0 .. 0.005
iteration :: CG 300, Newton 50, tolerance 1e-06
================================================================================
--------------------------------------------------------------------------------
simulation took 0.551273 seconds
3849 conjugate gradient iterations, at rate of 6982.03 iters/second
300 newton iterations
--------------------------------------------------------------------------------
### 8, 362, 100, 3849, 300, 0.551273 ###
Goodbye!
================================================================================
                      Welcome to mini-stencil!
version   :: C++ MPI
Processes :: 16
mesh      :: 512 * 512 dx = 0.00195695
time      :: 100 time steps from 0 .. 0.005
iteration :: CG 300, Newton 50, tolerance 1e-06
================================================================================
--------------------------------------------------------------------------------
simulation took 0.861228 seconds
5366 conjugate gradient iterations, at rate of 6230.64 iters/second
300 newton iterations
--------------------------------------------------------------------------------
### 16, 512, 100, 5366, 300, 0.861228 ###
Goodbye!
================================================================================
                      Welcome to mini-stencil!
version   :: C++ MPI
Processes :: 1
mesh      :: 256 * 256 dx = 0.00392157
time      :: 100 time steps from 0 .. 0.005
iteration :: CG 300, Newton 50, tolerance 1e-06
================================================================================
--------------------------------------------------------------------------------
simulation took 1.74673 seconds
2782 conjugate gradient iterations, at rate of 1592.69 iters/second
300 newton iterations
--------------------------------------------------------------------------------
### 1, 256, 100, 2782, 300, 1.74673 ###
Goodbye!
================================================================================
                      Welcome to mini-stencil!
version   :: C++ MPI
Processes :: 2
mesh      :: 362 * 362 dx = 0.00277008
time      :: 100 time steps from 0 .. 0.005
iteration :: CG 300, Newton 50, tolerance 1e-06
================================================================================
--------------------------------------------------------------------------------
simulation took 2.14618 seconds
3857 conjugate gradient iterations, at rate of 1797.15 iters/second
300 newton iterations
--------------------------------------------------------------------------------
### 2, 362, 100, 3857, 300, 2.14618 ###
Goodbye!
================================================================================
                      Welcome to mini-stencil!
version   :: C++ MPI
Processes :: 4
mesh      :: 512 * 512 dx = 0.00195695
time      :: 100 time steps from 0 .. 0.005
iteration :: CG 300, Newton 50, tolerance 1e-06
================================================================================
--------------------------------------------------------------------------------
simulation took 3.17103 seconds
5359 conjugate gradient iterations, at rate of 1689.98 iters/second
300 newton iterations
--------------------------------------------------------------------------------
### 4, 512, 100, 5359, 300, 3.17103 ###
Goodbye!
================================================================================
                      Welcome to mini-stencil!
version   :: C++ MPI
Processes :: 8
mesh      :: 724 * 724 dx = 0.00138313
time      :: 100 time steps from 0 .. 0.005
iteration :: CG 300, Newton 50, tolerance 1e-06
================================================================================
--------------------------------------------------------------------------------
simulation took 8.73892 seconds
7491 conjugate gradient iterations, at rate of 857.2 iters/second
301 newton iterations
--------------------------------------------------------------------------------
### 8, 724, 100, 7491, 301, 8.73892 ###
Goodbye!
================================================================================
                      Welcome to mini-stencil!
version   :: C++ MPI
Processes :: 16
mesh      :: 1024 * 1024 dx = 0.000977517
time      :: 100 time steps from 0 .. 0.005
iteration :: CG 300, Newton 50, tolerance 1e-06
================================================================================
--------------------------------------------------------------------------------
simulation took 17.5989 seconds
10505 conjugate gradient iterations, at rate of 596.911 iters/second
303 newton iterations
--------------------------------------------------------------------------------
### 16, 1024, 100, 10505, 303, 17.5989 ###
Goodbye!
================================================================================
                      Welcome to mini-stencil!
version   :: C++ MPI
Processes :: 1
mesh      :: 64 * 64 dx = 0.015873
time      :: 100 time steps from 0 .. 0.005
iteration :: CG 300, Newton 50, tolerance 1e-06
================================================================================
--------------------------------------------------------------------------------
simulation took 0.0396053 seconds
1007 conjugate gradient iterations, at rate of 25425.9 iters/second
301 newton iterations
--------------------------------------------------------------------------------
### 1, 64, 100, 1007, 301, 0.0396053 ###
Goodbye!
================================================================================
                      Welcome to mini-stencil!
version   :: C++ MPI
Processes :: 2
mesh      :: 91 * 91 dx = 0.0111111
time      :: 100 time steps from 0 .. 0.005
iteration :: CG 300, Newton 50, tolerance 1e-06
================================================================================
--------------------------------------------------------------------------------
simulation took 0.0459846 seconds
1186 conjugate gradient iterations, at rate of 25791.3 iters/second
300 newton iterations
--------------------------------------------------------------------------------
### 2, 91, 100, 1186, 300, 0.0459846 ###
Goodbye!
================================================================================
                      Welcome to mini-stencil!
version   :: C++ MPI
Processes :: 4
mesh      :: 128 * 128 dx = 0.00787402
time      :: 100 time steps from 0 .. 0.005
iteration :: CG 300, Newton 50, tolerance 1e-06
================================================================================
--------------------------------------------------------------------------------
simulation took 0.0624774 seconds
1513 conjugate gradient iterations, at rate of 24216.7 iters/second
300 newton iterations
--------------------------------------------------------------------------------
### 4, 128, 100, 1513, 300, 0.0624774 ###
Goodbye!
================================================================================
                      Welcome to mini-stencil!
version   :: C++ MPI
Processes :: 8
mesh      :: 182 * 182 dx = 0.00552486
time      :: 100 time steps from 0 .. 0.005
iteration :: CG 300, Newton 50, tolerance 1e-06
================================================================================
--------------------------------------------------------------------------------
simulation took 0.0819412 seconds
2046 conjugate gradient iterations, at rate of 24969.1 iters/second
300 newton iterations
--------------------------------------------------------------------------------
### 8, 182, 100, 2046, 300, 0.0819412 ###
Goodbye!
================================================================================
                      Welcome to mini-stencil!
version   :: C++ MPI
Processes :: 16
mesh      :: 256 * 256 dx = 0.00392157
time      :: 100 time steps from 0 .. 0.005
iteration :: CG 300, Newton 50, tolerance 1e-06
================================================================================
--------------------------------------------------------------------------------
simulation took 0.123121 seconds
2786 conjugate gradient iterations, at rate of 22628.2 iters/second
300 newton iterations
--------------------------------------------------------------------------------
### 16, 256, 100, 2786, 300, 0.123121 ###
Goodbye!
================================================================================
                      Welcome to mini-stencil!
version   :: C++ MPI
Processes :: 1
mesh      :: 128 * 128 dx = 0.00787402
time      :: 100 time steps from 0 .. 0.005
iteration :: CG 300, Newton 50, tolerance 1e-06
================================================================================
--------------------------------------------------------------------------------
simulation took 0.23756 seconds
1513 conjugate gradient iterations, at rate of 6368.91 iters/second
300 newton iterations
--------------------------------------------------------------------------------
### 1, 128, 100, 1513, 300, 0.23756 ###
Goodbye!
================================================================================
                      Welcome to mini-stencil!
version   :: C++ MPI
Processes :: 2
mesh      :: 182 * 182 dx = 0.00552486
time      :: 100 time steps from 0 .. 0.005
iteration :: CG 300, Newton 50, tolerance 1e-06
================================================================================
--------------------------------------------------------------------------------
simulation took 0.302183 seconds
2048 conjugate gradient iterations, at rate of 6777.36 iters/second
300 newton iterations
--------------------------------------------------------------------------------
### 2, 182, 100, 2048, 300, 0.302183 ###
Goodbye!
================================================================================
                      Welcome to mini-stencil!
version   :: C++ MPI
Processes :: 4
mesh      :: 256 * 256 dx = 0.00392157
time      :: 100 time steps from 0 .. 0.005
iteration :: CG 300, Newton 50, tolerance 1e-06
================================================================================
--------------------------------------------------------------------------------
simulation took 0.437325 seconds
2785 conjugate gradient iterations, at rate of 6368.26 iters/second
300 newton iterations
--------------------------------------------------------------------------------
### 4, 256, 100, 2785, 300, 0.437325 ###
Goodbye!
================================================================================
                      Welcome to mini-stencil!
version   :: C++ MPI
Processes :: 8
mesh      :: 363 * 363 dx = 0.00276243
time      :: 100 time steps from 0 .. 0.005
iteration :: CG 300, Newton 50, tolerance 1e-06
================================================================================
--------------------------------------------------------------------------------
simulation took 0.551376 seconds
3862 conjugate gradient iterations, at rate of 7004.3 iters/second
300 newton iterations
--------------------------------------------------------------------------------
### 8, 363, 100, 3862, 300, 0.551376 ###
Goodbye!
================================================================================
                      Welcome to mini-stencil!
version   :: C++ MPI
Processes :: 16
mesh      :: 512 * 512 dx = 0.00195695
time      :: 100 time steps from 0 .. 0.005
iteration :: CG 300, Newton 50, tolerance 1e-06
================================================================================
--------------------------------------------------------------------------------
simulation took 0.841478 seconds
5366 conjugate gradient iterations, at rate of 6376.87 iters/second
300 newton iterations
--------------------------------------------------------------------------------
### 16, 512, 100, 5366, 300, 0.841478 ###
Goodbye!
================================================================================
                      Welcome to mini-stencil!
version   :: C++ MPI
Processes :: 1
mesh      :: 256 * 256 dx = 0.00392157
time      :: 100 time steps from 0 .. 0.005
iteration :: CG 300, Newton 50, tolerance 1e-06
================================================================================
--------------------------------------------------------------------------------
simulation took 1.63852 seconds
2782 conjugate gradient iterations, at rate of 1697.87 iters/second
300 newton iterations
--------------------------------------------------------------------------------
### 1, 256, 100, 2782, 300, 1.63852 ###
Goodbye!
================================================================================
                      Welcome to mini-stencil!
version   :: C++ MPI
Processes :: 2
mesh      :: 363 * 363 dx = 0.00276243
time      :: 100 time steps from 0 .. 0.005
iteration :: CG 300, Newton 50, tolerance 1e-06
================================================================================
--------------------------------------------------------------------------------
simulation took 2.12923 seconds
3858 conjugate gradient iterations, at rate of 1811.93 iters/second
300 newton iterations
--------------------------------------------------------------------------------
### 2, 363, 100, 3858, 300, 2.12923 ###
Goodbye!
================================================================================
                      Welcome to mini-stencil!
version   :: C++ MPI
Processes :: 4
mesh      :: 512 * 512 dx = 0.00195695
time      :: 100 time steps from 0 .. 0.005
iteration :: CG 300, Newton 50, tolerance 1e-06
================================================================================
--------------------------------------------------------------------------------
simulation took 3.18004 seconds
5359 conjugate gradient iterations, at rate of 1685.2 iters/second
300 newton iterations
--------------------------------------------------------------------------------
### 4, 512, 100, 5359, 300, 3.18004 ###
Goodbye!
================================================================================
                      Welcome to mini-stencil!
version   :: C++ MPI
Processes :: 8
mesh      :: 725 * 725 dx = 0.00138122
time      :: 100 time steps from 0 .. 0.005
iteration :: CG 300, Newton 50, tolerance 1e-06
================================================================================
--------------------------------------------------------------------------------
simulation took 8.75448 seconds
7486 conjugate gradient iterations, at rate of 855.105 iters/second
301 newton iterations
--------------------------------------------------------------------------------
### 8, 725, 100, 7486, 301, 8.75448 ###
Goodbye!
================================================================================
                      Welcome to mini-stencil!
version   :: C++ MPI
Processes :: 16
mesh      :: 1024 * 1024 dx = 0.000977517
time      :: 100 time steps from 0 .. 0.005
iteration :: CG 300, Newton 50, tolerance 1e-06
================================================================================
--------------------------------------------------------------------------------
simulation took 17.7421 seconds
10505 conjugate gradient iterations, at rate of 592.094 iters/second
303 newton iterations
--------------------------------------------------------------------------------
### 16, 1024, 100, 10505, 303, 17.7421 ###
Goodbye!
