================================================================================
                      Welcome to mini-stencil!
version   :: C++ MPI
Processes :: 1
mesh      :: 64 * 64 dx = 0.015873
time      :: 100 time steps from 0 .. 0.005
iteration :: CG 300, Newton 50, tolerance 1e-06
================================================================================
--------------------------------------------------------------------------------
simulation took 0.0968656 seconds
1007 conjugate gradient iterations, at rate of 10395.9 iters/second
301 newton iterations
--------------------------------------------------------------------------------
### 1, 64, 100, 1007, 301, 0.0968656 ###
Goodbye!
================================================================================
                      Welcome to mini-stencil!
version   :: C++ MPI
Processes :: 1
mesh      :: 128 * 128 dx = 0.00787402
time      :: 100 time steps from 0 .. 0.005
iteration :: CG 300, Newton 50, tolerance 1e-06
================================================================================
--------------------------------------------------------------------------------
simulation took 0.686925 seconds
1513 conjugate gradient iterations, at rate of 2202.57 iters/second
300 newton iterations
--------------------------------------------------------------------------------
### 1, 128, 100, 1513, 300, 0.686925 ###
Goodbye!
================================================================================
                      Welcome to mini-stencil!
version   :: C++ MPI
Processes :: 1
mesh      :: 256 * 256 dx = 0.00392157
time      :: 100 time steps from 0 .. 0.005
iteration :: CG 300, Newton 50, tolerance 1e-06
================================================================================
--------------------------------------------------------------------------------
simulation took 5.11623 seconds
2782 conjugate gradient iterations, at rate of 543.76 iters/second
300 newton iterations
--------------------------------------------------------------------------------
### 1, 256, 100, 2782, 300, 5.11623 ###
Goodbye!
================================================================================
                      Welcome to mini-stencil!
version   :: C++ MPI
Processes :: 1
mesh      :: 512 * 512 dx = 0.00195695
time      :: 100 time steps from 0 .. 0.005
iteration :: CG 300, Newton 50, tolerance 1e-06
================================================================================
--------------------------------------------------------------------------------
simulation took 40.6649 seconds
5367 conjugate gradient iterations, at rate of 131.981 iters/second
300 newton iterations
--------------------------------------------------------------------------------
### 1, 512, 100, 5367, 300, 40.6649 ###
Goodbye!
================================================================================
                      Welcome to mini-stencil!
version   :: C++ MPI
Processes :: 1
mesh      :: 1024 * 1024 dx = 0.000977517
time      :: 100 time steps from 0 .. 0.005
iteration :: CG 300, Newton 50, tolerance 1e-06
================================================================================
--------------------------------------------------------------------------------
simulation took 329.9 seconds
10543 conjugate gradient iterations, at rate of 31.9582 iters/second
305 newton iterations
--------------------------------------------------------------------------------
### 1, 1024, 100, 10543, 305, 329.9 ###
Goodbye!
================================================================================
                      Welcome to mini-stencil!
version   :: C++ MPI
Processes :: 2
mesh      :: 64 * 64 dx = 0.015873
time      :: 100 time steps from 0 .. 0.005
iteration :: CG 300, Newton 50, tolerance 1e-06
================================================================================
--------------------------------------------------------------------------------
simulation took 0.022141 seconds
1007 conjugate gradient iterations, at rate of 45481.2 iters/second
301 newton iterations
--------------------------------------------------------------------------------
### 2, 64, 100, 1007, 301, 0.022141 ###
Goodbye!
================================================================================
                      Welcome to mini-stencil!
version   :: C++ MPI
Processes :: 2
mesh      :: 128 * 128 dx = 0.00787402
time      :: 100 time steps from 0 .. 0.005
iteration :: CG 300, Newton 50, tolerance 1e-06
================================================================================
--------------------------------------------------------------------------------
simulation took 0.145928 seconds
1512 conjugate gradient iterations, at rate of 10361.3 iters/second
300 newton iterations
--------------------------------------------------------------------------------
### 2, 128, 100, 1512, 300, 0.145928 ###
Goodbye!
================================================================================
                      Welcome to mini-stencil!
version   :: C++ MPI
Processes :: 2
mesh      :: 256 * 256 dx = 0.00392157
time      :: 100 time steps from 0 .. 0.005
iteration :: CG 300, Newton 50, tolerance 1e-06
================================================================================
--------------------------------------------------------------------------------
simulation took 0.827055 seconds
2783 conjugate gradient iterations, at rate of 3364.95 iters/second
300 newton iterations
--------------------------------------------------------------------------------
### 2, 256, 100, 2783, 300, 0.827055 ###
Goodbye!
================================================================================
                      Welcome to mini-stencil!
version   :: C++ MPI
Processes :: 2
mesh      :: 512 * 512 dx = 0.00195695
time      :: 100 time steps from 0 .. 0.005
iteration :: CG 300, Newton 50, tolerance 1e-06
================================================================================
--------------------------------------------------------------------------------
simulation took 6.31463 seconds
5362 conjugate gradient iterations, at rate of 849.14 iters/second
300 newton iterations
--------------------------------------------------------------------------------
### 2, 512, 100, 5362, 300, 6.31463 ###
Goodbye!
================================================================================
                      Welcome to mini-stencil!
version   :: C++ MPI
Processes :: 2
mesh      :: 1024 * 1024 dx = 0.000977517
time      :: 100 time steps from 0 .. 0.005
iteration :: CG 300, Newton 50, tolerance 1e-06
================================================================================
--------------------------------------------------------------------------------
simulation took 69.1919 seconds
10476 conjugate gradient iterations, at rate of 151.405 iters/second
302 newton iterations
--------------------------------------------------------------------------------
### 2, 1024, 100, 10476, 302, 69.1919 ###
Goodbye!
================================================================================
                      Welcome to mini-stencil!
version   :: C++ MPI
Processes :: 4
mesh      :: 64 * 64 dx = 0.015873
time      :: 100 time steps from 0 .. 0.005
iteration :: CG 300, Newton 50, tolerance 1e-06
================================================================================
--------------------------------------------------------------------------------
simulation took 0.0131814 seconds
1007 conjugate gradient iterations, at rate of 76395.5 iters/second
301 newton iterations
--------------------------------------------------------------------------------
### 4, 64, 100, 1007, 301, 0.0131814 ###
Goodbye!
================================================================================
                      Welcome to mini-stencil!
version   :: C++ MPI
Processes :: 4
mesh      :: 128 * 128 dx = 0.00787402
time      :: 100 time steps from 0 .. 0.005
iteration :: CG 300, Newton 50, tolerance 1e-06
================================================================================
--------------------------------------------------------------------------------
simulation took 0.06221 seconds
1513 conjugate gradient iterations, at rate of 24320.9 iters/second
300 newton iterations
--------------------------------------------------------------------------------
### 4, 128, 100, 1513, 300, 0.06221 ###
Goodbye!
================================================================================
                      Welcome to mini-stencil!
version   :: C++ MPI
Processes :: 4
mesh      :: 256 * 256 dx = 0.00392157
time      :: 100 time steps from 0 .. 0.005
iteration :: CG 300, Newton 50, tolerance 1e-06
================================================================================
--------------------------------------------------------------------------------
simulation took 0.439274 seconds
2785 conjugate gradient iterations, at rate of 6340 iters/second
300 newton iterations
--------------------------------------------------------------------------------
### 4, 256, 100, 2785, 300, 0.439274 ###
Goodbye!
================================================================================
                      Welcome to mini-stencil!
version   :: C++ MPI
Processes :: 4
mesh      :: 512 * 512 dx = 0.00195695
time      :: 100 time steps from 0 .. 0.005
iteration :: CG 300, Newton 50, tolerance 1e-06
================================================================================
--------------------------------------------------------------------------------
simulation took 3.14988 seconds
5359 conjugate gradient iterations, at rate of 1701.33 iters/second
300 newton iterations
--------------------------------------------------------------------------------
### 4, 512, 100, 5359, 300, 3.14988 ###
Goodbye!
================================================================================
                      Welcome to mini-stencil!
version   :: C++ MPI
Processes :: 4
mesh      :: 1024 * 1024 dx = 0.000977517
time      :: 100 time steps from 0 .. 0.005
iteration :: CG 300, Newton 50, tolerance 1e-06
================================================================================
--------------------------------------------------------------------------------
simulation took 44.2834 seconds
10529 conjugate gradient iterations, at rate of 237.764 iters/second
305 newton iterations
--------------------------------------------------------------------------------
### 4, 1024, 100, 10529, 305, 44.2834 ###
Goodbye!
================================================================================
                      Welcome to mini-stencil!
version   :: C++ MPI
Processes :: 8
mesh      :: 64 * 64 dx = 0.015873
time      :: 100 time steps from 0 .. 0.005
iteration :: CG 300, Newton 50, tolerance 1e-06
================================================================================
--------------------------------------------------------------------------------
simulation took 0.0102415 seconds
1007 conjugate gradient iterations, at rate of 98325 iters/second
301 newton iterations
--------------------------------------------------------------------------------
### 8, 64, 100, 1007, 301, 0.0102415 ###
Goodbye!
================================================================================
                      Welcome to mini-stencil!
version   :: C++ MPI
Processes :: 8
mesh      :: 128 * 128 dx = 0.00787402
time      :: 100 time steps from 0 .. 0.005
iteration :: CG 300, Newton 50, tolerance 1e-06
================================================================================
--------------------------------------------------------------------------------
simulation took 0.0359729 seconds
1514 conjugate gradient iterations, at rate of 42087.3 iters/second
300 newton iterations
--------------------------------------------------------------------------------
### 8, 128, 100, 1514, 300, 0.0359729 ###
Goodbye!
================================================================================
                      Welcome to mini-stencil!
version   :: C++ MPI
Processes :: 8
mesh      :: 256 * 256 dx = 0.00392157
time      :: 100 time steps from 0 .. 0.005
iteration :: CG 300, Newton 50, tolerance 1e-06
================================================================================
--------------------------------------------------------------------------------
simulation took 0.227641 seconds
2784 conjugate gradient iterations, at rate of 12229.8 iters/second
300 newton iterations
--------------------------------------------------------------------------------
### 8, 256, 100, 2784, 300, 0.227641 ###
Goodbye!
================================================================================
                      Welcome to mini-stencil!
version   :: C++ MPI
Processes :: 8
mesh      :: 512 * 512 dx = 0.00195695
time      :: 100 time steps from 0 .. 0.005
iteration :: CG 300, Newton 50, tolerance 1e-06
================================================================================
--------------------------------------------------------------------------------
simulation took 1.61851 seconds
5362 conjugate gradient iterations, at rate of 3312.93 iters/second
300 newton iterations
--------------------------------------------------------------------------------
### 8, 512, 100, 5362, 300, 1.61851 ###
Goodbye!
================================================================================
                      Welcome to mini-stencil!
version   :: C++ MPI
Processes :: 8
mesh      :: 1024 * 1024 dx = 0.000977517
time      :: 100 time steps from 0 .. 0.005
iteration :: CG 300, Newton 50, tolerance 1e-06
================================================================================
--------------------------------------------------------------------------------
simulation took 34.4658 seconds
10497 conjugate gradient iterations, at rate of 304.562 iters/second
303 newton iterations
--------------------------------------------------------------------------------
### 8, 1024, 100, 10497, 303, 34.4658 ###
Goodbye!
================================================================================
                      Welcome to mini-stencil!
version   :: C++ MPI
Processes :: 16
mesh      :: 64 * 64 dx = 0.015873
time      :: 100 time steps from 0 .. 0.005
iteration :: CG 300, Newton 50, tolerance 1e-06
================================================================================
--------------------------------------------------------------------------------
simulation took 0.0107737 seconds
1007 conjugate gradient iterations, at rate of 93468.3 iters/second
301 newton iterations
--------------------------------------------------------------------------------
### 16, 64, 100, 1007, 301, 0.0107737 ###
Goodbye!
================================================================================
                      Welcome to mini-stencil!
version   :: C++ MPI
Processes :: 16
mesh      :: 128 * 128 dx = 0.00787402
time      :: 100 time steps from 0 .. 0.005
iteration :: CG 300, Newton 50, tolerance 1e-06
================================================================================
--------------------------------------------------------------------------------
simulation took 0.0271413 seconds
1513 conjugate gradient iterations, at rate of 55745.3 iters/second
300 newton iterations
--------------------------------------------------------------------------------
### 16, 128, 100, 1513, 300, 0.0271413 ###
Goodbye!
================================================================================
                      Welcome to mini-stencil!
version   :: C++ MPI
Processes :: 16
mesh      :: 256 * 256 dx = 0.00392157
time      :: 100 time steps from 0 .. 0.005
iteration :: CG 300, Newton 50, tolerance 1e-06
================================================================================
--------------------------------------------------------------------------------
simulation took 0.124058 seconds
2786 conjugate gradient iterations, at rate of 22457.2 iters/second
300 newton iterations
--------------------------------------------------------------------------------
### 16, 256, 100, 2786, 300, 0.124058 ###
Goodbye!
================================================================================
                      Welcome to mini-stencil!
version   :: C++ MPI
Processes :: 16
mesh      :: 512 * 512 dx = 0.00195695
time      :: 100 time steps from 0 .. 0.005
iteration :: CG 300, Newton 50, tolerance 1e-06
================================================================================
--------------------------------------------------------------------------------
simulation took 0.847741 seconds
5366 conjugate gradient iterations, at rate of 6329.76 iters/second
300 newton iterations
--------------------------------------------------------------------------------
### 16, 512, 100, 5366, 300, 0.847741 ###
Goodbye!
================================================================================
                      Welcome to mini-stencil!
version   :: C++ MPI
Processes :: 16
mesh      :: 1024 * 1024 dx = 0.000977517
time      :: 100 time steps from 0 .. 0.005
iteration :: CG 300, Newton 50, tolerance 1e-06
================================================================================
--------------------------------------------------------------------------------
simulation took 17.5863 seconds
10505 conjugate gradient iterations, at rate of 597.341 iters/second
303 newton iterations
--------------------------------------------------------------------------------
### 16, 1024, 100, 10505, 303, 17.5863 ###
Goodbye!
================================================================================
                      Welcome to mini-stencil!
version   :: C++ MPI
Processes :: 1
mesh      :: 64 * 64 dx = 0.015873
time      :: 100 time steps from 0 .. 0.005
iteration :: CG 300, Newton 50, tolerance 1e-06
================================================================================
--------------------------------------------------------------------------------
simulation took 0.0387735 seconds
1007 conjugate gradient iterations, at rate of 25971.3 iters/second
301 newton iterations
--------------------------------------------------------------------------------
### 1, 64, 100, 1007, 301, 0.0387735 ###
Goodbye!
================================================================================
                      Welcome to mini-stencil!
version   :: C++ MPI
Processes :: 1
mesh      :: 128 * 128 dx = 0.00787402
time      :: 100 time steps from 0 .. 0.005
iteration :: CG 300, Newton 50, tolerance 1e-06
================================================================================
--------------------------------------------------------------------------------
simulation took 0.238626 seconds
1513 conjugate gradient iterations, at rate of 6340.47 iters/second
300 newton iterations
--------------------------------------------------------------------------------
### 1, 128, 100, 1513, 300, 0.238626 ###
Goodbye!
================================================================================
                      Welcome to mini-stencil!
version   :: C++ MPI
Processes :: 1
mesh      :: 256 * 256 dx = 0.00392157
time      :: 100 time steps from 0 .. 0.005
iteration :: CG 300, Newton 50, tolerance 1e-06
================================================================================
--------------------------------------------------------------------------------
simulation took 1.65953 seconds
2782 conjugate gradient iterations, at rate of 1676.38 iters/second
300 newton iterations
--------------------------------------------------------------------------------
### 1, 256, 100, 2782, 300, 1.65953 ###
Goodbye!
================================================================================
                      Welcome to mini-stencil!
version   :: C++ MPI
Processes :: 1
mesh      :: 512 * 512 dx = 0.00195695
time      :: 100 time steps from 0 .. 0.005
iteration :: CG 300, Newton 50, tolerance 1e-06
================================================================================
--------------------------------------------------------------------------------
simulation took 12.1449 seconds
5367 conjugate gradient iterations, at rate of 441.916 iters/second
300 newton iterations
--------------------------------------------------------------------------------
### 1, 512, 100, 5367, 300, 12.1449 ###
Goodbye!
================================================================================
                      Welcome to mini-stencil!
version   :: C++ MPI
Processes :: 1
mesh      :: 1024 * 1024 dx = 0.000977517
time      :: 100 time steps from 0 .. 0.005
iteration :: CG 300, Newton 50, tolerance 1e-06
================================================================================
--------------------------------------------------------------------------------
simulation took 130.971 seconds
10543 conjugate gradient iterations, at rate of 80.4986 iters/second
305 newton iterations
--------------------------------------------------------------------------------
### 1, 1024, 100, 10543, 305, 130.971 ###
Goodbye!
================================================================================
                      Welcome to mini-stencil!
version   :: C++ MPI
Processes :: 2
mesh      :: 64 * 64 dx = 0.015873
time      :: 100 time steps from 0 .. 0.005
iteration :: CG 300, Newton 50, tolerance 1e-06
================================================================================
--------------------------------------------------------------------------------
simulation took 0.0218543 seconds
1007 conjugate gradient iterations, at rate of 46077.9 iters/second
301 newton iterations
--------------------------------------------------------------------------------
### 2, 64, 100, 1007, 301, 0.0218543 ###
Goodbye!
================================================================================
                      Welcome to mini-stencil!
version   :: C++ MPI
Processes :: 2
mesh      :: 128 * 128 dx = 0.00787402
time      :: 100 time steps from 0 .. 0.005
iteration :: CG 300, Newton 50, tolerance 1e-06
================================================================================
--------------------------------------------------------------------------------
simulation took 0.125528 seconds
1512 conjugate gradient iterations, at rate of 12045.1 iters/second
300 newton iterations
--------------------------------------------------------------------------------
### 2, 128, 100, 1512, 300, 0.125528 ###
Goodbye!
================================================================================
                      Welcome to mini-stencil!
version   :: C++ MPI
Processes :: 2
mesh      :: 256 * 256 dx = 0.00392157
time      :: 100 time steps from 0 .. 0.005
iteration :: CG 300, Newton 50, tolerance 1e-06
================================================================================
--------------------------------------------------------------------------------
simulation took 0.827952 seconds
2783 conjugate gradient iterations, at rate of 3361.31 iters/second
300 newton iterations
--------------------------------------------------------------------------------
### 2, 256, 100, 2783, 300, 0.827952 ###
Goodbye!
================================================================================
                      Welcome to mini-stencil!
version   :: C++ MPI
Processes :: 2
mesh      :: 512 * 512 dx = 0.00195695
time      :: 100 time steps from 0 .. 0.005
iteration :: CG 300, Newton 50, tolerance 1e-06
================================================================================
--------------------------------------------------------------------------------
simulation took 6.3294 seconds
5362 conjugate gradient iterations, at rate of 847.157 iters/second
300 newton iterations
--------------------------------------------------------------------------------
### 2, 512, 100, 5362, 300, 6.3294 ###
Goodbye!
================================================================================
                      Welcome to mini-stencil!
version   :: C++ MPI
Processes :: 2
mesh      :: 1024 * 1024 dx = 0.000977517
time      :: 100 time steps from 0 .. 0.005
iteration :: CG 300, Newton 50, tolerance 1e-06
================================================================================
--------------------------------------------------------------------------------
simulation took 69.8629 seconds
10476 conjugate gradient iterations, at rate of 149.951 iters/second
302 newton iterations
--------------------------------------------------------------------------------
### 2, 1024, 100, 10476, 302, 69.8629 ###
Goodbye!
================================================================================
                      Welcome to mini-stencil!
version   :: C++ MPI
Processes :: 4
mesh      :: 64 * 64 dx = 0.015873
time      :: 100 time steps from 0 .. 0.005
iteration :: CG 300, Newton 50, tolerance 1e-06
================================================================================
--------------------------------------------------------------------------------
simulation took 0.0133987 seconds
1007 conjugate gradient iterations, at rate of 75156.7 iters/second
301 newton iterations
--------------------------------------------------------------------------------
### 4, 64, 100, 1007, 301, 0.0133987 ###
Goodbye!
================================================================================
                      Welcome to mini-stencil!
version   :: C++ MPI
Processes :: 4
mesh      :: 128 * 128 dx = 0.00787402
time      :: 100 time steps from 0 .. 0.005
iteration :: CG 300, Newton 50, tolerance 1e-06
================================================================================
--------------------------------------------------------------------------------
simulation took 0.0633614 seconds
1513 conjugate gradient iterations, at rate of 23878.9 iters/second
300 newton iterations
--------------------------------------------------------------------------------
### 4, 128, 100, 1513, 300, 0.0633614 ###
Goodbye!
================================================================================
                      Welcome to mini-stencil!
version   :: C++ MPI
Processes :: 4
mesh      :: 256 * 256 dx = 0.00392157
time      :: 100 time steps from 0 .. 0.005
iteration :: CG 300, Newton 50, tolerance 1e-06
================================================================================
--------------------------------------------------------------------------------
simulation took 0.42839 seconds
2785 conjugate gradient iterations, at rate of 6501.08 iters/second
300 newton iterations
--------------------------------------------------------------------------------
### 4, 256, 100, 2785, 300, 0.42839 ###
Goodbye!
================================================================================
                      Welcome to mini-stencil!
version   :: C++ MPI
Processes :: 4
mesh      :: 512 * 512 dx = 0.00195695
time      :: 100 time steps from 0 .. 0.005
iteration :: CG 300, Newton 50, tolerance 1e-06
================================================================================
--------------------------------------------------------------------------------
simulation took 3.16565 seconds
5359 conjugate gradient iterations, at rate of 1692.86 iters/second
300 newton iterations
--------------------------------------------------------------------------------
### 4, 512, 100, 5359, 300, 3.16565 ###
Goodbye!
================================================================================
                      Welcome to mini-stencil!
version   :: C++ MPI
Processes :: 4
mesh      :: 1024 * 1024 dx = 0.000977517
time      :: 100 time steps from 0 .. 0.005
iteration :: CG 300, Newton 50, tolerance 1e-06
================================================================================
--------------------------------------------------------------------------------
simulation took 44.6646 seconds
10529 conjugate gradient iterations, at rate of 235.735 iters/second
305 newton iterations
--------------------------------------------------------------------------------
### 4, 1024, 100, 10529, 305, 44.6646 ###
Goodbye!
================================================================================
                      Welcome to mini-stencil!
version   :: C++ MPI
Processes :: 8
mesh      :: 64 * 64 dx = 0.015873
time      :: 100 time steps from 0 .. 0.005
iteration :: CG 300, Newton 50, tolerance 1e-06
================================================================================
--------------------------------------------------------------------------------
simulation took 0.0101363 seconds
1007 conjugate gradient iterations, at rate of 99345.5 iters/second
301 newton iterations
--------------------------------------------------------------------------------
### 8, 64, 100, 1007, 301, 0.0101363 ###
Goodbye!
================================================================================
                      Welcome to mini-stencil!
version   :: C++ MPI
Processes :: 8
mesh      :: 128 * 128 dx = 0.00787402
time      :: 100 time steps from 0 .. 0.005
iteration :: CG 300, Newton 50, tolerance 1e-06
================================================================================
--------------------------------------------------------------------------------
simulation took 0.0362373 seconds
1514 conjugate gradient iterations, at rate of 41780.2 iters/second
300 newton iterations
--------------------------------------------------------------------------------
### 8, 128, 100, 1514, 300, 0.0362373 ###
Goodbye!
================================================================================
                      Welcome to mini-stencil!
version   :: C++ MPI
Processes :: 8
mesh      :: 256 * 256 dx = 0.00392157
time      :: 100 time steps from 0 .. 0.005
iteration :: CG 300, Newton 50, tolerance 1e-06
================================================================================
--------------------------------------------------------------------------------
simulation took 0.229126 seconds
2784 conjugate gradient iterations, at rate of 12150.5 iters/second
300 newton iterations
--------------------------------------------------------------------------------
### 8, 256, 100, 2784, 300, 0.229126 ###
Goodbye!
================================================================================
                      Welcome to mini-stencil!
version   :: C++ MPI
Processes :: 8
mesh      :: 512 * 512 dx = 0.00195695
time      :: 100 time steps from 0 .. 0.005
iteration :: CG 300, Newton 50, tolerance 1e-06
================================================================================
--------------------------------------------------------------------------------
simulation took 1.62858 seconds
5362 conjugate gradient iterations, at rate of 3292.43 iters/second
300 newton iterations
--------------------------------------------------------------------------------
### 8, 512, 100, 5362, 300, 1.62858 ###
Goodbye!
================================================================================
                      Welcome to mini-stencil!
version   :: C++ MPI
Processes :: 8
mesh      :: 1024 * 1024 dx = 0.000977517
time      :: 100 time steps from 0 .. 0.005
iteration :: CG 300, Newton 50, tolerance 1e-06
================================================================================
--------------------------------------------------------------------------------
simulation took 36.0529 seconds
10497 conjugate gradient iterations, at rate of 291.156 iters/second
303 newton iterations
--------------------------------------------------------------------------------
### 8, 1024, 100, 10497, 303, 36.0529 ###
Goodbye!
================================================================================
                      Welcome to mini-stencil!
version   :: C++ MPI
Processes :: 16
mesh      :: 64 * 64 dx = 0.015873
time      :: 100 time steps from 0 .. 0.005
iteration :: CG 300, Newton 50, tolerance 1e-06
================================================================================
--------------------------------------------------------------------------------
simulation took 0.0108555 seconds
1007 conjugate gradient iterations, at rate of 92764.5 iters/second
301 newton iterations
--------------------------------------------------------------------------------
### 16, 64, 100, 1007, 301, 0.0108555 ###
Goodbye!
================================================================================
                      Welcome to mini-stencil!
version   :: C++ MPI
Processes :: 16
mesh      :: 128 * 128 dx = 0.00787402
time      :: 100 time steps from 0 .. 0.005
iteration :: CG 300, Newton 50, tolerance 1e-06
================================================================================
--------------------------------------------------------------------------------
simulation took 0.0255343 seconds
1513 conjugate gradient iterations, at rate of 59253.7 iters/second
300 newton iterations
--------------------------------------------------------------------------------
### 16, 128, 100, 1513, 300, 0.0255343 ###
Goodbye!
================================================================================
                      Welcome to mini-stencil!
version   :: C++ MPI
Processes :: 16
mesh      :: 256 * 256 dx = 0.00392157
time      :: 100 time steps from 0 .. 0.005
iteration :: CG 300, Newton 50, tolerance 1e-06
================================================================================
--------------------------------------------------------------------------------
simulation took 0.130784 seconds
2786 conjugate gradient iterations, at rate of 21302.3 iters/second
300 newton iterations
--------------------------------------------------------------------------------
### 16, 256, 100, 2786, 300, 0.130784 ###
Goodbye!
================================================================================
                      Welcome to mini-stencil!
version   :: C++ MPI
Processes :: 16
mesh      :: 512 * 512 dx = 0.00195695
time      :: 100 time steps from 0 .. 0.005
iteration :: CG 300, Newton 50, tolerance 1e-06
================================================================================
--------------------------------------------------------------------------------
simulation took 0.84061 seconds
5366 conjugate gradient iterations, at rate of 6383.46 iters/second
300 newton iterations
--------------------------------------------------------------------------------
### 16, 512, 100, 5366, 300, 0.84061 ###
Goodbye!
================================================================================
                      Welcome to mini-stencil!
version   :: C++ MPI
Processes :: 16
mesh      :: 1024 * 1024 dx = 0.000977517
time      :: 100 time steps from 0 .. 0.005
iteration :: CG 300, Newton 50, tolerance 1e-06
================================================================================
--------------------------------------------------------------------------------
simulation took 17.7244 seconds
10505 conjugate gradient iterations, at rate of 592.684 iters/second
303 newton iterations
--------------------------------------------------------------------------------
### 16, 1024, 100, 10505, 303, 17.7244 ###
Goodbye!
================================================================================
                      Welcome to mini-stencil!
version   :: C++ MPI
Processes :: 1
mesh      :: 64 * 64 dx = 0.015873
time      :: 100 time steps from 0 .. 0.005
iteration :: CG 300, Newton 50, tolerance 1e-06
================================================================================
--------------------------------------------------------------------------------
simulation took 0.0389605 seconds
1007 conjugate gradient iterations, at rate of 25846.7 iters/second
301 newton iterations
--------------------------------------------------------------------------------
### 1, 64, 100, 1007, 301, 0.0389605 ###
Goodbye!
================================================================================
                      Welcome to mini-stencil!
version   :: C++ MPI
Processes :: 1
mesh      :: 128 * 128 dx = 0.00787402
time      :: 100 time steps from 0 .. 0.005
iteration :: CG 300, Newton 50, tolerance 1e-06
================================================================================
--------------------------------------------------------------------------------
simulation took 0.23604 seconds
1513 conjugate gradient iterations, at rate of 6409.92 iters/second
300 newton iterations
--------------------------------------------------------------------------------
### 1, 128, 100, 1513, 300, 0.23604 ###
Goodbye!
================================================================================
                      Welcome to mini-stencil!
version   :: C++ MPI
Processes :: 1
mesh      :: 256 * 256 dx = 0.00392157
time      :: 100 time steps from 0 .. 0.005
iteration :: CG 300, Newton 50, tolerance 1e-06
================================================================================
--------------------------------------------------------------------------------
simulation took 1.64883 seconds
2782 conjugate gradient iterations, at rate of 1687.25 iters/second
300 newton iterations
--------------------------------------------------------------------------------
### 1, 256, 100, 2782, 300, 1.64883 ###
Goodbye!
================================================================================
                      Welcome to mini-stencil!
version   :: C++ MPI
Processes :: 1
mesh      :: 512 * 512 dx = 0.00195695
time      :: 100 time steps from 0 .. 0.005
iteration :: CG 300, Newton 50, tolerance 1e-06
================================================================================
--------------------------------------------------------------------------------
simulation took 12.1697 seconds
5367 conjugate gradient iterations, at rate of 441.015 iters/second
300 newton iterations
--------------------------------------------------------------------------------
### 1, 512, 100, 5367, 300, 12.1697 ###
Goodbye!
================================================================================
                      Welcome to mini-stencil!
version   :: C++ MPI
Processes :: 1
mesh      :: 1024 * 1024 dx = 0.000977517
time      :: 100 time steps from 0 .. 0.005
iteration :: CG 300, Newton 50, tolerance 1e-06
================================================================================
--------------------------------------------------------------------------------
simulation took 131.108 seconds
10543 conjugate gradient iterations, at rate of 80.4147 iters/second
305 newton iterations
--------------------------------------------------------------------------------
### 1, 1024, 100, 10543, 305, 131.108 ###
Goodbye!
================================================================================
                      Welcome to mini-stencil!
version   :: C++ MPI
Processes :: 2
mesh      :: 64 * 64 dx = 0.015873
time      :: 100 time steps from 0 .. 0.005
iteration :: CG 300, Newton 50, tolerance 1e-06
================================================================================
--------------------------------------------------------------------------------
simulation took 0.0219152 seconds
1007 conjugate gradient iterations, at rate of 45949.8 iters/second
301 newton iterations
--------------------------------------------------------------------------------
### 2, 64, 100, 1007, 301, 0.0219152 ###
Goodbye!
================================================================================
                      Welcome to mini-stencil!
version   :: C++ MPI
Processes :: 2
mesh      :: 128 * 128 dx = 0.00787402
time      :: 100 time steps from 0 .. 0.005
iteration :: CG 300, Newton 50, tolerance 1e-06
================================================================================
--------------------------------------------------------------------------------
simulation took 0.120978 seconds
1512 conjugate gradient iterations, at rate of 12498.2 iters/second
300 newton iterations
--------------------------------------------------------------------------------
### 2, 128, 100, 1512, 300, 0.120978 ###
Goodbye!
================================================================================
                      Welcome to mini-stencil!
version   :: C++ MPI
Processes :: 2
mesh      :: 256 * 256 dx = 0.00392157
time      :: 100 time steps from 0 .. 0.005
iteration :: CG 300, Newton 50, tolerance 1e-06
================================================================================
--------------------------------------------------------------------------------
simulation took 0.849431 seconds
2783 conjugate gradient iterations, at rate of 3276.31 iters/second
300 newton iterations
--------------------------------------------------------------------------------
### 2, 256, 100, 2783, 300, 0.849431 ###
Goodbye!
================================================================================
                      Welcome to mini-stencil!
version   :: C++ MPI
Processes :: 2
mesh      :: 512 * 512 dx = 0.00195695
time      :: 100 time steps from 0 .. 0.005
iteration :: CG 300, Newton 50, tolerance 1e-06
================================================================================
--------------------------------------------------------------------------------
simulation took 6.33262 seconds
5362 conjugate gradient iterations, at rate of 846.727 iters/second
300 newton iterations
--------------------------------------------------------------------------------
### 2, 512, 100, 5362, 300, 6.33262 ###
Goodbye!
================================================================================
                      Welcome to mini-stencil!
version   :: C++ MPI
Processes :: 2
mesh      :: 1024 * 1024 dx = 0.000977517
time      :: 100 time steps from 0 .. 0.005
iteration :: CG 300, Newton 50, tolerance 1e-06
================================================================================
--------------------------------------------------------------------------------
simulation took 69.5856 seconds
10476 conjugate gradient iterations, at rate of 150.548 iters/second
302 newton iterations
--------------------------------------------------------------------------------
### 2, 1024, 100, 10476, 302, 69.5856 ###
Goodbye!
================================================================================
                      Welcome to mini-stencil!
version   :: C++ MPI
Processes :: 4
mesh      :: 64 * 64 dx = 0.015873
time      :: 100 time steps from 0 .. 0.005
iteration :: CG 300, Newton 50, tolerance 1e-06
================================================================================
--------------------------------------------------------------------------------
simulation took 0.0131638 seconds
1007 conjugate gradient iterations, at rate of 76497.9 iters/second
301 newton iterations
--------------------------------------------------------------------------------
### 4, 64, 100, 1007, 301, 0.0131638 ###
Goodbye!
================================================================================
                      Welcome to mini-stencil!
version   :: C++ MPI
Processes :: 4
mesh      :: 128 * 128 dx = 0.00787402
time      :: 100 time steps from 0 .. 0.005
iteration :: CG 300, Newton 50, tolerance 1e-06
================================================================================
--------------------------------------------------------------------------------
simulation took 0.0627398 seconds
1513 conjugate gradient iterations, at rate of 24115.5 iters/second
300 newton iterations
--------------------------------------------------------------------------------
### 4, 128, 100, 1513, 300, 0.0627398 ###
Goodbye!
================================================================================
                      Welcome to mini-stencil!
version   :: C++ MPI
Processes :: 4
mesh      :: 256 * 256 dx = 0.00392157
time      :: 100 time steps from 0 .. 0.005
iteration :: CG 300, Newton 50, tolerance 1e-06
================================================================================
--------------------------------------------------------------------------------
simulation took 0.42672 seconds
2785 conjugate gradient iterations, at rate of 6526.53 iters/second
300 newton iterations
--------------------------------------------------------------------------------
### 4, 256, 100, 2785, 300, 0.42672 ###
Goodbye!
================================================================================
                      Welcome to mini-stencil!
version   :: C++ MPI
Processes :: 4
mesh      :: 512 * 512 dx = 0.00195695
time      :: 100 time steps from 0 .. 0.005
iteration :: CG 300, Newton 50, tolerance 1e-06
================================================================================
--------------------------------------------------------------------------------
simulation took 3.19216 seconds
5359 conjugate gradient iterations, at rate of 1678.8 iters/second
300 newton iterations
--------------------------------------------------------------------------------
### 4, 512, 100, 5359, 300, 3.19216 ###
Goodbye!
================================================================================
                      Welcome to mini-stencil!
version   :: C++ MPI
Processes :: 4
mesh      :: 1024 * 1024 dx = 0.000977517
time      :: 100 time steps from 0 .. 0.005
iteration :: CG 300, Newton 50, tolerance 1e-06
================================================================================
--------------------------------------------------------------------------------
simulation took 44.4123 seconds
10529 conjugate gradient iterations, at rate of 237.074 iters/second
305 newton iterations
--------------------------------------------------------------------------------
### 4, 1024, 100, 10529, 305, 44.4123 ###
Goodbye!
================================================================================
                      Welcome to mini-stencil!
version   :: C++ MPI
Processes :: 8
mesh      :: 64 * 64 dx = 0.015873
time      :: 100 time steps from 0 .. 0.005
iteration :: CG 300, Newton 50, tolerance 1e-06
================================================================================
--------------------------------------------------------------------------------
simulation took 0.0100738 seconds
1007 conjugate gradient iterations, at rate of 99962.5 iters/second
301 newton iterations
--------------------------------------------------------------------------------
### 8, 64, 100, 1007, 301, 0.0100738 ###
Goodbye!
================================================================================
                      Welcome to mini-stencil!
version   :: C++ MPI
Processes :: 8
mesh      :: 128 * 128 dx = 0.00787402
time      :: 100 time steps from 0 .. 0.005
iteration :: CG 300, Newton 50, tolerance 1e-06
================================================================================
--------------------------------------------------------------------------------
simulation took 0.0363798 seconds
1514 conjugate gradient iterations, at rate of 41616.5 iters/second
300 newton iterations
--------------------------------------------------------------------------------
### 8, 128, 100, 1514, 300, 0.0363798 ###
Goodbye!
================================================================================
                      Welcome to mini-stencil!
version   :: C++ MPI
Processes :: 8
mesh      :: 256 * 256 dx = 0.00392157
time      :: 100 time steps from 0 .. 0.005
iteration :: CG 300, Newton 50, tolerance 1e-06
================================================================================
--------------------------------------------------------------------------------
simulation took 0.223323 seconds
2784 conjugate gradient iterations, at rate of 12466.3 iters/second
300 newton iterations
--------------------------------------------------------------------------------
### 8, 256, 100, 2784, 300, 0.223323 ###
Goodbye!
================================================================================
                      Welcome to mini-stencil!
version   :: C++ MPI
Processes :: 8
mesh      :: 512 * 512 dx = 0.00195695
time      :: 100 time steps from 0 .. 0.005
iteration :: CG 300, Newton 50, tolerance 1e-06
================================================================================
--------------------------------------------------------------------------------
simulation took 1.62379 seconds
5362 conjugate gradient iterations, at rate of 3302.15 iters/second
300 newton iterations
--------------------------------------------------------------------------------
### 8, 512, 100, 5362, 300, 1.62379 ###
Goodbye!
================================================================================
                      Welcome to mini-stencil!
version   :: C++ MPI
Processes :: 8
mesh      :: 1024 * 1024 dx = 0.000977517
time      :: 100 time steps from 0 .. 0.005
iteration :: CG 300, Newton 50, tolerance 1e-06
================================================================================
--------------------------------------------------------------------------------
simulation took 37.6725 seconds
10497 conjugate gradient iterations, at rate of 278.638 iters/second
303 newton iterations
--------------------------------------------------------------------------------
### 8, 1024, 100, 10497, 303, 37.6725 ###
Goodbye!
================================================================================
                      Welcome to mini-stencil!
version   :: C++ MPI
Processes :: 16
mesh      :: 64 * 64 dx = 0.015873
time      :: 100 time steps from 0 .. 0.005
iteration :: CG 300, Newton 50, tolerance 1e-06
================================================================================
--------------------------------------------------------------------------------
simulation took 0.0107346 seconds
1007 conjugate gradient iterations, at rate of 93809.1 iters/second
301 newton iterations
--------------------------------------------------------------------------------
### 16, 64, 100, 1007, 301, 0.0107346 ###
Goodbye!
================================================================================
                      Welcome to mini-stencil!
version   :: C++ MPI
Processes :: 16
mesh      :: 128 * 128 dx = 0.00787402
time      :: 100 time steps from 0 .. 0.005
iteration :: CG 300, Newton 50, tolerance 1e-06
================================================================================
--------------------------------------------------------------------------------
simulation took 0.0270474 seconds
1513 conjugate gradient iterations, at rate of 55938.9 iters/second
300 newton iterations
--------------------------------------------------------------------------------
### 16, 128, 100, 1513, 300, 0.0270474 ###
Goodbye!
================================================================================
                      Welcome to mini-stencil!
version   :: C++ MPI
Processes :: 16
mesh      :: 256 * 256 dx = 0.00392157
time      :: 100 time steps from 0 .. 0.005
iteration :: CG 300, Newton 50, tolerance 1e-06
================================================================================
--------------------------------------------------------------------------------
simulation took 0.126587 seconds
2786 conjugate gradient iterations, at rate of 22008.6 iters/second
300 newton iterations
--------------------------------------------------------------------------------
### 16, 256, 100, 2786, 300, 0.126587 ###
Goodbye!
================================================================================
                      Welcome to mini-stencil!
version   :: C++ MPI
Processes :: 16
mesh      :: 512 * 512 dx = 0.00195695
time      :: 100 time steps from 0 .. 0.005
iteration :: CG 300, Newton 50, tolerance 1e-06
================================================================================
--------------------------------------------------------------------------------
simulation took 0.829881 seconds
5366 conjugate gradient iterations, at rate of 6465.99 iters/second
300 newton iterations
--------------------------------------------------------------------------------
### 16, 512, 100, 5366, 300, 0.829881 ###
Goodbye!
================================================================================
                      Welcome to mini-stencil!
version   :: C++ MPI
Processes :: 16
mesh      :: 1024 * 1024 dx = 0.000977517
time      :: 100 time steps from 0 .. 0.005
iteration :: CG 300, Newton 50, tolerance 1e-06
================================================================================
--------------------------------------------------------------------------------
simulation took 17.7946 seconds
10505 conjugate gradient iterations, at rate of 590.349 iters/second
303 newton iterations
--------------------------------------------------------------------------------
### 16, 1024, 100, 10505, 303, 17.7946 ###
Goodbye!
